#
# A fatal error has been detected by the Java Runtime Environment:
#
#  SIGSEGV (0xb) at pc=0x01280c42, pid=19547, tid=2470054768
#
# JRE version: 6.0_18-b18
# Java VM: OpenJDK Client VM (14.0-b16 mixed mode linux-x86 )
# Derivative: IcedTea6 1.8
# Distribution: Ubuntu lucid (development branch), package 6b18-1.8-0ubuntu1
# Problematic frame:
# V  [libjvm.so+0x2ffc42]
#
# If you would like to submit a bug report, please include
# instructions how to reproduce the bug and visit:
#   https://bugs.launchpad.net/ubuntu/+source/openjdk-6/
#

---------------  T H R E A D  ---------------

Current thread (0x09a35000):  JavaThread "CompilerThread0" daemon [_thread_in_vm, id=19553, stack(0x93320000,0x933a1000)]

siginfo:si_signo=SIGSEGV: si_errno=0, si_code=1 (SEGV_MAPERR), si_addr=0x00000010

Registers:
EAX=0x00000000, EBX=0x0138fff4, ECX=0x0138fff4, EDX=0x00000580
ESP=0x9339f710, EBP=0x9339f718, ESI=0x00000580, EDI=0x9339f7f0
EIP=0x01280c42, CR2=0x00000010, EFLAGS=0x00210282

Top of Stack: (sp=0x9339f710)
0x9339f710:   0138fff4 9339f7ac 9339f738 01280d7f
0x9339f720:   00000580 9339f7f4 9339f748 01280d4a
0x9339f730:   0138fff4 9339f7ac 9339f758 01280f4b
0x9339f740:   9339f7ac 013b37a0 9339faf0 01280daa
0x9339f750:   0138fff4 9339f780 9339f7d8 01092a65
0x9339f760:   9339f780 9339faf0 9339f7f0 00000000
0x9339f770:   9339f780 00000000 9339faf4 9339f7f4
0x9339f780:   00000000 09a3549a 09a3549e 00000000 

Instructions: (pc=0x01280c42)
0x01280c32:   39 c6 7d 1a 83 ec 0c 56 e8 e1 6e 02 00 83 c4 10
0x01280c42:   8b 40 10 8d 65 f8 5b 5e 5d c3 8d 74 26 00 8d 65 

Stack: [0x93320000,0x933a1000],  sp=0x9339f710,  free space=509k
Native frames: (J=compiled Java code, j=interpreted, Vv=VM code, C=native code)
V  [libjvm.so+0x2ffc42]
V  [libjvm.so+0x2ffd7f]
V  [libjvm.so+0x2fff4b]
V  [libjvm.so+0x111a65]
V  [libjvm.so+0x1123c1]
V  [libjvm.so+0x10f42f]
V  [libjvm.so+0x10f60b]
V  [libjvm.so+0x1100c1]
V  [libjvm.so+0xcc8f1]
V  [libjvm.so+0xcc992]
V  [libjvm.so+0x375b7]
V  [libjvm.so+0x75930]
V  [libjvm.so+0x758e7]
V  [libjvm.so+0x122482]
V  [libjvm.so+0x122bb7]
V  [libjvm.so+0x3651c8]
V  [libjvm.so+0x36a12c]
V  [libjvm.so+0x36a1ea]
V  [libjvm.so+0x2c92e1]
C  [libpthread.so.0+0x596e]


Current CompileTask:
C1:  1      java.lang.String.hashCode()I (60 bytes)


---------------  P R O C E S S  ---------------

Java Threads: ( => current thread )
  0x09a37000 JavaThread "Low Memory Detector" daemon [_thread_blocked, id=19554, stack(0x932cf000,0x93320000)]
=>0x09a35000 JavaThread "CompilerThread0" daemon [_thread_in_vm, id=19553, stack(0x93320000,0x933a1000)]
  0x09a33800 JavaThread "Signal Dispatcher" daemon [_thread_blocked, id=19552, stack(0x933a1000,0x933f2000)]
  0x09a1e400 JavaThread "Finalizer" daemon [_thread_blocked, id=19551, stack(0x93438000,0x93489000)]
  0x09a1cc00 JavaThread "Reference Handler" daemon [_thread_blocked, id=19550, stack(0x93489000,0x934da000)]
  0x099c1000 JavaThread "main" [_thread_in_vm, id=19548, stack(0xb7756000,0xb77a7000)]

Other Threads:
  0x09a19c00 VMThread [stack: 0x934da000,0x9355b000] [id=19549]
  0x09a3a400 WatcherThread [stack: 0x9324e000,0x932cf000] [id=19555]

VM state:not at safepoint (normal execution)

VM Mutex/Monitor currently owned by a thread:  ([mutex/lock_event])
[0x099be2d0] CodeCache_lock - owner thread: 0x09a35000
[0x099bf0a0] AdapterHandlerLibrary_lock - owner thread: 0x099c1000

Heap
 def new generation   total 960K, used 205K [0x93750000, 0x93850000, 0x95eb0000)
  eden space 896K,  22% used [0x93750000, 0x937837e8, 0x93830000)
  from space 64K,   0% used [0x93830000, 0x93830000, 0x93840000)
  to   space 64K,   0% used [0x93840000, 0x93840000, 0x93850000)
 tenured generation   total 4096K, used 0K [0x95eb0000, 0x962b0000, 0xb3750000)
   the space 4096K,   0% used [0x95eb0000, 0x95eb0000, 0x95eb0200, 0x962b0000)
 compacting perm gen  total 12288K, used 1725K [0xb3750000, 0xb4350000, 0xb7750000)
   the space 12288K,  14% used [0xb3750000, 0xb38ff608, 0xb38ff800, 0xb4350000)
No shared spaces configured.

Dynamic libraries:
00110000-00263000 r-xp 00000000 08:05 155823     /lib/tls/i686/cmov/libc-2.11.1.so
00263000-00264000 ---p 00153000 08:05 155823     /lib/tls/i686/cmov/libc-2.11.1.so
00264000-00266000 r--p 00153000 08:05 155823     /lib/tls/i686/cmov/libc-2.11.1.so
00266000-00267000 rw-p 00155000 08:05 155823     /lib/tls/i686/cmov/libc-2.11.1.so
00267000-0026a000 rw-p 00000000 00:00 0 
0026a000-00276000 r-xp 00000000 08:05 517281     /usr/lib/jvm/java-6-openjdk/jre/lib/i386/libverify.so
00276000-00277000 r--p 0000b000 08:05 517281     /usr/lib/jvm/java-6-openjdk/jre/lib/i386/libverify.so
00277000-00278000 rw-p 0000c000 08:05 517281     /usr/lib/jvm/java-6-openjdk/jre/lib/i386/libverify.so
00278000-0029c000 r-xp 00000000 08:05 516782     /usr/lib/jvm/java-6-openjdk/jre/lib/i386/libjava.so
0029c000-0029d000 r--p 00023000 08:05 516782     /usr/lib/jvm/java-6-openjdk/jre/lib/i386/libjava.so
0029d000-0029f000 rw-p 00024000 08:05 516782     /usr/lib/jvm/java-6-openjdk/jre/lib/i386/libjava.so
0034f000-0036a000 r-xp 00000000 08:05 17309      /lib/ld-2.11.1.so
0036a000-0036b000 r--p 0001a000 08:05 17309      /lib/ld-2.11.1.so
0036b000-0036c000 rw-p 0001b000 08:05 17309      /lib/ld-2.11.1.so
00451000-00458000 r-xp 00000000 08:05 156041     /lib/tls/i686/cmov/librt-2.11.1.so
00458000-00459000 r--p 00006000 08:05 156041     /lib/tls/i686/cmov/librt-2.11.1.so
00459000-0045a000 rw-p 00007000 08:05 156041     /lib/tls/i686/cmov/librt-2.11.1.so
00487000-0049a000 r-xp 00000000 08:05 16827      /lib/libz.so.1.2.3.3
0049a000-0049b000 r--p 00012000 08:05 16827      /lib/libz.so.1.2.3.3
0049b000-0049c000 rw-p 00013000 08:05 16827      /lib/libz.so.1.2.3.3
0049c000-0049d000 rwxp 00000000 00:00 0 
0049d000-004af000 rwxp 00000000 00:00 0 
004af000-004b2000 rwxp 00000000 00:00 0 
004b2000-0059c000 rwxp 00000000 00:00 0 
0059c000-005a2000 rwxp 00000000 00:00 0 
005a2000-005bc000 rwxp 00000000 00:00 0 
005bc000-005c0000 rwxp 00000000 00:00 0 
005c0000-006aa000 rwxp 00000000 00:00 0 
006ec000-006ee000 r-xp 00000000 08:05 155826     /lib/tls/i686/cmov/libdl-2.11.1.so
006ee000-006ef000 r--p 00001000 08:05 155826     /lib/tls/i686/cmov/libdl-2.11.1.so
006ef000-006f0000 rw-p 00002000 08:05 155826     /lib/tls/i686/cmov/libdl-2.11.1.so
00717000-0071e000 r-xp 00000000 08:05 517282     /usr/lib/jvm/java-6-openjdk/jre/lib/i386/libzip.so
0071e000-0071f000 r--p 00006000 08:05 517282     /usr/lib/jvm/java-6-openjdk/jre/lib/i386/libzip.so
0071f000-00720000 rw-p 00007000 08:05 517282     /usr/lib/jvm/java-6-openjdk/jre/lib/i386/libzip.so
007b9000-007c0000 rwxp 00000000 00:00 0 
007c0000-007da000 rwxp 00000000 00:00 0 
00861000-00885000 r-xp 00000000 08:05 155827     /lib/tls/i686/cmov/libm-2.11.1.so
00885000-00886000 r--p 00023000 08:05 155827     /lib/tls/i686/cmov/libm-2.11.1.so
00886000-00887000 rw-p 00024000 08:05 155827     /lib/tls/i686/cmov/libm-2.11.1.so
0099a000-0099b000 r-xp 00000000 00:00 0          [vdso]
00a37000-00a41000 r-xp 00000000 08:05 155832     /lib/tls/i686/cmov/libnss_files-2.11.1.so
00a41000-00a42000 r--p 00009000 08:05 155832     /lib/tls/i686/cmov/libnss_files-2.11.1.so
00a42000-00a43000 rw-p 0000a000 08:05 155832     /lib/tls/i686/cmov/libnss_files-2.11.1.so
00a9f000-00aa7000 r-xp 00000000 08:05 155834     /lib/tls/i686/cmov/libnss_nis-2.11.1.so
00aa7000-00aa8000 r--p 00007000 08:05 155834     /lib/tls/i686/cmov/libnss_nis-2.11.1.so
00aa8000-00aa9000 rw-p 00008000 08:05 155834     /lib/tls/i686/cmov/libnss_nis-2.11.1.so
00b7f000-00b81000 rwxp 00000000 00:00 0 
00b81000-00bff000 rwxp 00000000 00:00 0 
00d18000-00d1e000 r-xp 00000000 08:05 155830     /lib/tls/i686/cmov/libnss_compat-2.11.1.so
00d1e000-00d1f000 r--p 00006000 08:05 155830     /lib/tls/i686/cmov/libnss_compat-2.11.1.so
00d1f000-00d20000 rw-p 00007000 08:05 155830     /lib/tls/i686/cmov/libnss_compat-2.11.1.so
00de2000-00de5000 r-xp 00000000 08:05 50073      /usr/lib/jvm/java-6-openjdk/jre/lib/i386/jli/libjli.so
00de5000-00de6000 r--p 00003000 08:05 50073      /usr/lib/jvm/java-6-openjdk/jre/lib/i386/jli/libjli.so
00de6000-00de7000 rw-p 00004000 08:05 50073      /usr/lib/jvm/java-6-openjdk/jre/lib/i386/jli/libjli.so
00e5b000-00e6e000 r-xp 00000000 08:05 155829     /lib/tls/i686/cmov/libnsl-2.11.1.so
00e6e000-00e6f000 r--p 00012000 08:05 155829     /lib/tls/i686/cmov/libnsl-2.11.1.so
00e6f000-00e70000 rw-p 00013000 08:05 155829     /lib/tls/i686/cmov/libnsl-2.11.1.so
00e70000-00e72000 rw-p 00000000 00:00 0 
00edb000-00ee2000 r-xp 00000000 08:05 57772      /usr/lib/jvm/java-6-openjdk/jre/lib/i386/native_threads/libhpi.so
00ee2000-00ee3000 r--p 00006000 08:05 57772      /usr/lib/jvm/java-6-openjdk/jre/lib/i386/native_threads/libhpi.so
00ee3000-00ee4000 rw-p 00007000 08:05 57772      /usr/lib/jvm/java-6-openjdk/jre/lib/i386/native_threads/libhpi.so
00f68000-00f7d000 r-xp 00000000 08:05 155837     /lib/tls/i686/cmov/libpthread-2.11.1.so
00f7d000-00f7e000 r--p 00014000 08:05 155837     /lib/tls/i686/cmov/libpthread-2.11.1.so
00f7e000-00f7f000 rw-p 00015000 08:05 155837     /lib/tls/i686/cmov/libpthread-2.11.1.so
00f7f000-00f81000 rw-p 00000000 00:00 0 
00f81000-0137a000 r-xp 00000000 08:05 35161      /usr/lib/jvm/java-6-openjdk/jre/lib/i386/client/libjvm.so
0137a000-01390000 r--p 003f9000 08:05 35161      /usr/lib/jvm/java-6-openjdk/jre/lib/i386/client/libjvm.so
01390000-0139c000 rw-p 0040f000 08:05 35161      /usr/lib/jvm/java-6-openjdk/jre/lib/i386/client/libjvm.so
0139c000-017bc000 rw-p 00000000 00:00 0 
0587d000-058f5000 rwxp 00000000 00:00 0 
058f5000-0787d000 rwxp 00000000 00:00 0 
08048000-08051000 r-xp 00000000 08:05 565418     /usr/lib/jvm/java-6-openjdk/jre/bin/java
08051000-08052000 r--p 00008000 08:05 565418     /usr/lib/jvm/java-6-openjdk/jre/bin/java
08052000-08053000 rw-p 00009000 08:05 565418     /usr/lib/jvm/java-6-openjdk/jre/bin/java
099ba000-09a5c000 rw-p 00000000 00:00 0          [heap]
9324e000-9324f000 ---p 00000000 00:00 0 
9324f000-932cf000 rw-p 00000000 00:00 0 
932cf000-932d2000 ---p 00000000 00:00 0 
932d2000-93320000 rw-p 00000000 00:00 0 
93320000-93323000 ---p 00000000 00:00 0 
93323000-933a1000 rw-p 00000000 00:00 0 
933a1000-933a4000 ---p 00000000 00:00 0 
933a4000-933f2000 rw-p 00000000 00:00 0 
933f2000-933f9000 r--s 00000000 08:05 175144     /usr/lib/gconv/gconv-modules.cache
933f9000-93438000 r--p 00000000 08:05 319534     /usr/lib/locale/en_US.utf8/LC_CTYPE
93438000-9343b000 ---p 00000000 00:00 0 
9343b000-93489000 rw-p 00000000 00:00 0 
93489000-9348c000 ---p 00000000 00:00 0 
9348c000-934da000 rw-p 00000000 00:00 0 
934da000-934db000 ---p 00000000 00:00 0 
934db000-9358e000 rw-p 00000000 00:00 0 
9358e000-93720000 r--s 03914000 08:05 32850      /usr/lib/jvm/java-6-openjdk/jre/lib/rt.jar
93720000-93728000 r--s 00060000 08:05 57646      /home/spaceman/netbeans-6.9/javafx/javafx-sdk/lib/shared/javafxrt.jar
93728000-93750000 r--s 002bf000 08:05 57648      /home/spaceman/netbeans-6.9/javafx/javafx-sdk/lib/shared/javafxc.jar
93750000-93850000 rwxp 00000000 00:00 0 
93850000-95eb0000 rwxp 00000000 00:00 0 
95eb0000-962b0000 rwxp 00000000 00:00 0 
962b0000-b3750000 rwxp 00000000 00:00 0 
b3750000-b4350000 rwxp 00000000 00:00 0 
b4350000-b7750000 rwxp 00000000 00:00 0 
b7756000-b7759000 ---p 00000000 00:00 0 
b7759000-b77aa000 rw-p 00000000 00:00 0 
b77ba000-b77c2000 rw-s 00000000 08:05 147760     /tmp/hsperfdata_spaceman/19547
b77c2000-b77c3000 rw-p 00000000 00:00 0 
b77c3000-b77c4000 r--p 00000000 00:00 0 
b77c4000-b77c6000 rw-p 00000000 00:00 0 
bfdab000-bfdc0000 rw-p 00000000 00:00 0          [stack]

VM Arguments:
jvm_args: -Xbootclasspath/p:/home/spaceman/netbeans-6.9/javafx/javafx-sdk/bin/../lib/shared/javafxc.jar:/home/spaceman/netbeans-6.9/javafx/javafx-sdk/bin/../lib/shared/javafxrt.jar 
java_command: com.sun.tools.javafx.Main -XDwarnOnUse=javafx.ext -classpath .:/media/SUB/MinesweeperFX/build/compiled:../Minesweeper/dist/Minesweeper.jar:/home/spaceman/netbeans-6.9/javafx/javafx-sdk/bin/../lib/desktop/javafx-geom.jar:/home/spaceman/netbeans-6.9/javafx/javafx-sdk/bin/../lib/desktop/javafx-ui-common.jar:/home/spaceman/netbeans-6.9/javafx/javafx-sdk/bin/../lib/desktop/javafx-ui-desktop.jar:/home/spaceman/netbeans-6.9/javafx/javafx-sdk/bin/../lib/desktop/javafx-ui-swing.jar:/home/spaceman/netbeans-6.9/javafx/javafx-sdk/bin/../lib/desktop/javafx-ext-swing.jar:/home/spaceman/netbeans-6.9/javafx/javafx-sdk/bin/../lib/desktop/fxdloader.jar:/home/spaceman/netbeans-6.9/javafx/javafx-sdk/bin/../lib/desktop/websvc.jar:/home/spaceman/netbeans-6.9/javafx/javafx-sdk/bin/../lib/desktop/javafx-ui-controls.jar:/home/spaceman/netbeans-6.9/javafx/javafx-sdk/bin/../lib/desktop/javafx-ui-charts.jar:/home/spaceman/netbeans-6.9/javafx/javafx-sdk/bin/../lib/desktop/javafx-common.jar:/home/spaceman/netbeans-6.9/javafx/javafx-sdk/bin/../lib/desktop/javafx-io.jar -bootclasspath /home/spaceman/netbeans-6.9/javafx/javafx-sdk/bin/../lib/shared/javafxc.jar:/home/spaceman/netbeans-6.9/javafx/javafx-sdk/bin/../lib/shared/javafxrt.jar:/home/spaceman/netbeans-6.9/javafx/javafx-sdk/bin/../lib/desktop/rt15.jar -sourcepath /media/SUB/MinesweeperFX/src -d /media/SUB/MinesweeperFX/build/compiled -encoding UTF-8 /media/SUB/MinesweeperFX/src/org/shinkirou/minesweeper/gui/Main.fx
Launcher Type: SUN_STANDARD

Environment Variables:
PATH=/home/spaceman/bin:/usr/local/sbin:/usr/local/bin:/usr/sbin:/usr/bin:/sbin:/bin:/usr/games
USERNAME=spaceman
LD_LIBRARY_PATH=/usr/lib/jvm/java-6-openjdk/jre/lib/i386/client:/usr/lib/jvm/java-6-openjdk/jre/lib/i386:/usr/lib/jvm/java-6-openjdk/jre/../lib/i386
SHELL=/bin/bash
DISPLAY=:0.0

Signal Handlers:
SIGSEGV: [libjvm.so+0x397410], sa_mask[0]=0x7ffbfeff, sa_flags=0x10000004
SIGBUS: [libjvm.so+0x397410], sa_mask[0]=0x7ffbfeff, sa_flags=0x10000004
SIGFPE: [libjvm.so+0x2c5b10], sa_mask[0]=0x7ffbfeff, sa_flags=0x10000004
SIGPIPE: [libjvm.so+0x2c5b10], sa_mask[0]=0x7ffbfeff, sa_flags=0x10000004
SIGXFSZ: [libjvm.so+0x2c5b10], sa_mask[0]=0x7ffbfeff, sa_flags=0x10000004
SIGILL: [libjvm.so+0x2c5b10], sa_mask[0]=0x7ffbfeff, sa_flags=0x10000004
SIGUSR1: SIG_DFL, sa_mask[0]=0x00000000, sa_flags=0x00000000
SIGUSR2: [libjvm.so+0x2c5200], sa_mask[0]=0x00000004, sa_flags=0x10000004
SIGHUP: [libjvm.so+0x2c7960], sa_mask[0]=0x7ffbfeff, sa_flags=0x10000004
SIGINT: SIG_IGN, sa_mask[0]=0x00000000, sa_flags=0x00000000
SIGTERM: [libjvm.so+0x2c7960], sa_mask[0]=0x7ffbfeff, sa_flags=0x10000004
SIGQUIT: [libjvm.so+0x2c7960], sa_mask[0]=0x7ffbfeff, sa_flags=0x10000004


---------------  S Y S T E M  ---------------

OS:Ubuntu 10.04 (lucid)
uname:Linux 2.6.32-23-generic #37-Ubuntu SMP Fri Jun 11 07:54:58 UTC 2010 i686
libc:glibc 2.11.1 NPTL 2.11.1 
rlimit: STACK 8192k, CORE 0k, NPROC infinity, NOFILE 1024, AS infinity
load average:2.43 2.23 2.02

CPU:total 1 (1 cores per cpu, 1 threads per core) family 6 model 15 stepping 6, cmov, cx8, fxsr, mmx, sse, sse2, sse3, ssse3

Memory: 4k page, physical 1016936k(88304k free), swap 3903752k(3512592k free)

vm_info: OpenJDK Client VM (14.0-b16) for linux-x86 JRE (1.6.0_18-b18), built on Apr 14 2010 11:34:14 by "buildd" with gcc 4.4.3

time: Wed Jun 23 14:49:47 2010
elapsed time: 0 seconds

