#
# A fatal error has been detected by the Java Runtime Environment:
#
#  SIGSEGV (0xb) at pc=0x00e89c42, pid=4231, tid=2471164784
#
# JRE version: 6.0_18-b18
# Java VM: OpenJDK Client VM (14.0-b16 mixed mode linux-x86 )
# Derivative: IcedTea6 1.8
# Distribution: Ubuntu lucid (development branch), package 6b18-1.8-0ubuntu1
# Problematic frame:
# V  [libjvm.so+0x2ffc42]
#
# If you would like to submit a bug report, please include
# instructions how to reproduce the bug and visit:
#   https://bugs.launchpad.net/ubuntu/+source/openjdk-6/
#

---------------  T H R E A D  ---------------

Current thread (0x092a7c00):  JavaThread "CompilerThread0" daemon [_thread_in_vm, id=4238, stack(0x9342f000,0x934b0000)]

siginfo:si_signo=SIGSEGV: si_errno=0, si_code=1 (SEGV_MAPERR), si_addr=0x00000010

Registers:
EAX=0x00000000, EBX=0x00f98ff4, ECX=0x00f98ff4, EDX=0x00000c00
ESP=0x934ae990, EBP=0x934ae998, ESI=0x00000c00, EDI=0x934aea70
EIP=0x00e89c42, CR2=0x00000010, EFLAGS=0x00010286

Top of Stack: (sp=0x934ae990)
0x934ae990:   00f98ff4 934aea2c 934ae9b8 00e89d7f
0x934ae9a0:   00000c00 934aea74 934ae9c8 00e89d4a
0x934ae9b0:   00f98ff4 934aea2c 934ae9d8 00e89f4b
0x934ae9c0:   934aea2c 00fbc7a0 934aed70 00e89daa
0x934ae9d0:   00f98ff4 934aea00 934aea58 00c9ba65
0x934ae9e0:   934aea00 934aed70 934aea70 00000000
0x934ae9f0:   934aea00 00000000 934aed74 934aea74
0x934aea00:   00000000 092a7f74 092a7f78 00000000 

Instructions: (pc=0x00e89c42)
0x00e89c32:   39 c6 7d 1a 83 ec 0c 56 e8 e1 6e 02 00 83 c4 10
0x00e89c42:   8b 40 10 8d 65 f8 5b 5e 5d c3 8d 74 26 00 8d 65 

Stack: [0x9342f000,0x934b0000],  sp=0x934ae990,  free space=510k
Native frames: (J=compiled Java code, j=interpreted, Vv=VM code, C=native code)
V  [libjvm.so+0x2ffc42]
V  [libjvm.so+0x2ffd7f]
V  [libjvm.so+0x2fff4b]
V  [libjvm.so+0x111a65]
V  [libjvm.so+0x1123c1]
V  [libjvm.so+0x10f42f]
V  [libjvm.so+0x10f60b]
V  [libjvm.so+0x1100c1]
V  [libjvm.so+0xcc8f1]
V  [libjvm.so+0xcc992]
V  [libjvm.so+0x375b7]
V  [libjvm.so+0x75930]
V  [libjvm.so+0x758e7]
V  [libjvm.so+0x122482]
V  [libjvm.so+0x122bb7]
V  [libjvm.so+0x3651c8]
V  [libjvm.so+0x36a12c]
V  [libjvm.so+0x36a1ea]
V  [libjvm.so+0x2c92e1]
C  [libpthread.so.0+0x596e]


Current CompileTask:
C1:  1      java.lang.String.hashCode()I (60 bytes)


---------------  P R O C E S S  ---------------

Java Threads: ( => current thread )
  0x092a9800 JavaThread "Low Memory Detector" daemon [_thread_blocked, id=4239, stack(0x933de000,0x9342f000)]
=>0x092a7c00 JavaThread "CompilerThread0" daemon [_thread_in_vm, id=4238, stack(0x9342f000,0x934b0000)]
  0x092a6000 JavaThread "Preview Timeout" [_thread_blocked, id=4237, stack(0x934b0000,0x93501000)]
  0x092a4400 JavaThread "Signal Dispatcher" daemon [_thread_blocked, id=4236, stack(0x93501000,0x93552000)]
  0x0928f000 JavaThread "Finalizer" daemon [_thread_blocked, id=4235, stack(0x93598000,0x935e9000)]
  0x0928d800 JavaThread "Reference Handler" daemon [_thread_blocked, id=4234, stack(0x935e9000,0x9363a000)]
  0x09238800 JavaThread "main" [_thread_in_vm, id=4232, stack(0xb7881000,0xb78d2000)]

Other Threads:
  0x0928a800 VMThread [stack: 0x9363a000,0x936bb000] [id=4233]
  0x092acc00 WatcherThread [stack: 0x9335d000,0x933de000] [id=4240]

VM state:not at safepoint (normal execution)

VM Mutex/Monitor currently owned by a thread:  ([mutex/lock_event])
[0x09234578] CodeCache_lock - owner thread: 0x092a7c00
[0x09236b88] AdapterHandlerLibrary_lock - owner thread: 0x09238800

Heap
 def new generation   total 960K, used 350K [0x93880000, 0x93980000, 0x95fe0000)
  eden space 896K,  39% used [0x93880000, 0x938d7908, 0x93960000)
  from space 64K,   0% used [0x93960000, 0x93960000, 0x93970000)
  to   space 64K,   0% used [0x93970000, 0x93970000, 0x93980000)
 tenured generation   total 4096K, used 0K [0x95fe0000, 0x963e0000, 0xb3880000)
   the space 4096K,   0% used [0x95fe0000, 0x95fe0000, 0x95fe0200, 0x963e0000)
 compacting perm gen  total 12288K, used 1706K [0xb3880000, 0xb4480000, 0xb7880000)
   the space 12288K,  13% used [0xb3880000, 0xb3a2abf8, 0xb3a2ac00, 0xb4480000)
No shared spaces configured.

Dynamic libraries:
00110000-00134000 r-xp 00000000 08:05 155827     /lib/tls/i686/cmov/libm-2.11.1.so
00134000-00135000 r--p 00023000 08:05 155827     /lib/tls/i686/cmov/libm-2.11.1.so
00135000-00136000 rw-p 00024000 08:05 155827     /lib/tls/i686/cmov/libm-2.11.1.so
00136000-0013d000 r-xp 00000000 08:05 156041     /lib/tls/i686/cmov/librt-2.11.1.so
0013d000-0013e000 r--p 00006000 08:05 156041     /lib/tls/i686/cmov/librt-2.11.1.so
0013e000-0013f000 rw-p 00007000 08:05 156041     /lib/tls/i686/cmov/librt-2.11.1.so
0013f000-00163000 r-xp 00000000 08:05 516782     /usr/lib/jvm/java-6-openjdk/jre/lib/i386/libjava.so
00163000-00164000 r--p 00023000 08:05 516782     /usr/lib/jvm/java-6-openjdk/jre/lib/i386/libjava.so
00164000-00166000 rw-p 00024000 08:05 516782     /usr/lib/jvm/java-6-openjdk/jre/lib/i386/libjava.so
00166000-00179000 r-xp 00000000 08:05 155829     /lib/tls/i686/cmov/libnsl-2.11.1.so
00179000-0017a000 r--p 00012000 08:05 155829     /lib/tls/i686/cmov/libnsl-2.11.1.so
0017a000-0017b000 rw-p 00013000 08:05 155829     /lib/tls/i686/cmov/libnsl-2.11.1.so
0017b000-0017d000 rw-p 00000000 00:00 0 
0017d000-00186000 r-xp 00000000 08:05 516775     /usr/lib/jvm/java-6-openjdk/jre/lib/i386/libinstrument.so
00186000-00187000 r--p 00008000 08:05 516775     /usr/lib/jvm/java-6-openjdk/jre/lib/i386/libinstrument.so
00187000-00188000 rw-p 00009000 08:05 516775     /usr/lib/jvm/java-6-openjdk/jre/lib/i386/libinstrument.so
00188000-00192000 r-xp 00000000 08:05 155832     /lib/tls/i686/cmov/libnss_files-2.11.1.so
00192000-00193000 r--p 00009000 08:05 155832     /lib/tls/i686/cmov/libnss_files-2.11.1.so
00193000-00194000 rw-p 0000a000 08:05 155832     /lib/tls/i686/cmov/libnss_files-2.11.1.so
00194000-0019b000 rwxp 00000000 00:00 0 
0019b000-001b5000 rwxp 00000000 00:00 0 
001c6000-001e1000 r-xp 00000000 08:05 17309      /lib/ld-2.11.1.so
001e1000-001e2000 r--p 0001a000 08:05 17309      /lib/ld-2.11.1.so
001e2000-001e3000 rw-p 0001b000 08:05 17309      /lib/ld-2.11.1.so
001e3000-00336000 r-xp 00000000 08:05 155823     /lib/tls/i686/cmov/libc-2.11.1.so
00336000-00337000 ---p 00153000 08:05 155823     /lib/tls/i686/cmov/libc-2.11.1.so
00337000-00339000 r--p 00153000 08:05 155823     /lib/tls/i686/cmov/libc-2.11.1.so
00339000-0033a000 rw-p 00155000 08:05 155823     /lib/tls/i686/cmov/libc-2.11.1.so
0033a000-0033d000 rw-p 00000000 00:00 0 
00349000-00355000 r-xp 00000000 08:05 517281     /usr/lib/jvm/java-6-openjdk/jre/lib/i386/libverify.so
00355000-00356000 r--p 0000b000 08:05 517281     /usr/lib/jvm/java-6-openjdk/jre/lib/i386/libverify.so
00356000-00357000 rw-p 0000c000 08:05 517281     /usr/lib/jvm/java-6-openjdk/jre/lib/i386/libverify.so
00357000-00359000 rwxp 00000000 00:00 0 
00359000-003d7000 rwxp 00000000 00:00 0 
003f1000-00404000 r-xp 00000000 08:05 16827      /lib/libz.so.1.2.3.3
00404000-00405000 r--p 00012000 08:05 16827      /lib/libz.so.1.2.3.3
00405000-00406000 rw-p 00013000 08:05 16827      /lib/libz.so.1.2.3.3
0048f000-00495000 r-xp 00000000 08:05 155830     /lib/tls/i686/cmov/libnss_compat-2.11.1.so
00495000-00496000 r--p 00006000 08:05 155830     /lib/tls/i686/cmov/libnss_compat-2.11.1.so
00496000-00497000 rw-p 00007000 08:05 155830     /lib/tls/i686/cmov/libnss_compat-2.11.1.so
0049c000-0049d000 r-xp 00000000 00:00 0          [vdso]
0049d000-0049e000 rwxp 00000000 00:00 0 
0049e000-004b0000 rwxp 00000000 00:00 0 
004b0000-004b3000 rwxp 00000000 00:00 0 
004b3000-0059d000 rwxp 00000000 00:00 0 
0059d000-005a3000 rwxp 00000000 00:00 0 
005a3000-005bd000 rwxp 00000000 00:00 0 
005bd000-005be000 rwxp 00000000 00:00 0 
0066c000-0066f000 r-xp 00000000 08:05 50073      /usr/lib/jvm/java-6-openjdk/jre/lib/i386/jli/libjli.so
0066f000-00670000 r--p 00003000 08:05 50073      /usr/lib/jvm/java-6-openjdk/jre/lib/i386/jli/libjli.so
00670000-00671000 rw-p 00004000 08:05 50073      /usr/lib/jvm/java-6-openjdk/jre/lib/i386/jli/libjli.so
006a4000-006ab000 r-xp 00000000 08:05 517282     /usr/lib/jvm/java-6-openjdk/jre/lib/i386/libzip.so
006ab000-006ac000 r--p 00006000 08:05 517282     /usr/lib/jvm/java-6-openjdk/jre/lib/i386/libzip.so
006ac000-006ad000 rw-p 00007000 08:05 517282     /usr/lib/jvm/java-6-openjdk/jre/lib/i386/libzip.so
0074d000-00754000 r-xp 00000000 08:05 57772      /usr/lib/jvm/java-6-openjdk/jre/lib/i386/native_threads/libhpi.so
00754000-00755000 r--p 00006000 08:05 57772      /usr/lib/jvm/java-6-openjdk/jre/lib/i386/native_threads/libhpi.so
00755000-00756000 rw-p 00007000 08:05 57772      /usr/lib/jvm/java-6-openjdk/jre/lib/i386/native_threads/libhpi.so
00756000-00759000 rwxp 00000000 00:00 0 
00759000-00843000 rwxp 00000000 00:00 0 
008f8000-0090d000 r-xp 00000000 08:05 155837     /lib/tls/i686/cmov/libpthread-2.11.1.so
0090d000-0090e000 r--p 00014000 08:05 155837     /lib/tls/i686/cmov/libpthread-2.11.1.so
0090e000-0090f000 rw-p 00015000 08:05 155837     /lib/tls/i686/cmov/libpthread-2.11.1.so
0090f000-00911000 rw-p 00000000 00:00 0 
00adf000-00ae7000 r-xp 00000000 08:05 155834     /lib/tls/i686/cmov/libnss_nis-2.11.1.so
00ae7000-00ae8000 r--p 00007000 08:05 155834     /lib/tls/i686/cmov/libnss_nis-2.11.1.so
00ae8000-00ae9000 rw-p 00008000 08:05 155834     /lib/tls/i686/cmov/libnss_nis-2.11.1.so
00b86000-00b88000 r-xp 00000000 08:05 155826     /lib/tls/i686/cmov/libdl-2.11.1.so
00b88000-00b89000 r--p 00001000 08:05 155826     /lib/tls/i686/cmov/libdl-2.11.1.so
00b89000-00b8a000 rw-p 00002000 08:05 155826     /lib/tls/i686/cmov/libdl-2.11.1.so
00b8a000-00f83000 r-xp 00000000 08:05 35161      /usr/lib/jvm/java-6-openjdk/jre/lib/i386/client/libjvm.so
00f83000-00f99000 r--p 003f9000 08:05 35161      /usr/lib/jvm/java-6-openjdk/jre/lib/i386/client/libjvm.so
00f99000-00fa5000 rw-p 0040f000 08:05 35161      /usr/lib/jvm/java-6-openjdk/jre/lib/i386/client/libjvm.so
00fa5000-013c5000 rw-p 00000000 00:00 0 
04b9a000-04c12000 rwxp 00000000 00:00 0 
04c12000-06b9a000 rwxp 00000000 00:00 0 
08048000-08051000 r-xp 00000000 08:05 565418     /usr/lib/jvm/java-6-openjdk/jre/bin/java
08051000-08052000 r--p 00008000 08:05 565418     /usr/lib/jvm/java-6-openjdk/jre/bin/java
08052000-08053000 rw-p 00009000 08:05 565418     /usr/lib/jvm/java-6-openjdk/jre/bin/java
09230000-092d9000 rw-p 00000000 00:00 0          [heap]
9335d000-9335e000 ---p 00000000 00:00 0 
9335e000-933de000 rw-p 00000000 00:00 0 
933de000-933e1000 ---p 00000000 00:00 0 
933e1000-9342f000 rw-p 00000000 00:00 0 
9342f000-93432000 ---p 00000000 00:00 0 
93432000-934b0000 rw-p 00000000 00:00 0 
934b0000-934b3000 ---p 00000000 00:00 0 
934b3000-93501000 rw-p 00000000 00:00 0 
93501000-93504000 ---p 00000000 00:00 0 
93504000-93552000 rw-p 00000000 00:00 0 
93552000-93559000 r--s 00000000 08:05 175144     /usr/lib/gconv/gconv-modules.cache
93559000-93598000 r--p 00000000 08:05 319534     /usr/lib/locale/en_US.utf8/LC_CTYPE
93598000-9359b000 ---p 00000000 00:00 0 
9359b000-935e9000 rw-p 00000000 00:00 0 
935e9000-935ec000 ---p 00000000 00:00 0 
935ec000-9363a000 rw-p 00000000 00:00 0 
9363a000-9363b000 ---p 00000000 00:00 0 
9363b000-936ee000 rw-p 00000000 00:00 0 
936ee000-93880000 r--s 03914000 08:05 32850      /usr/lib/jvm/java-6-openjdk/jre/lib/rt.jar
93880000-93980000 rwxp 00000000 00:00 0 
93980000-95fe0000 rwxp 00000000 00:00 0 
95fe0000-963e0000 rwxp 00000000 00:00 0 
963e0000-b3880000 rwxp 00000000 00:00 0 
b3880000-b4480000 rwxp 00000000 00:00 0 
b4480000-b7880000 rwxp 00000000 00:00 0 
b7881000-b7884000 ---p 00000000 00:00 0 
b7884000-b78d5000 rw-p 00000000 00:00 0 
b78e4000-b78e5000 r--s 00001000 08:05 688201     /home/spaceman/netbeans-6.9/javafx/modules/ext/org-netbeans-javafx-preview.jar
b78e5000-b78ed000 rw-s 00000000 08:05 148312     /tmp/hsperfdata_spaceman/4231
b78ed000-b78ee000 rw-p 00000000 00:00 0 
b78ee000-b78ef000 r--p 00000000 00:00 0 
b78ef000-b78f1000 rw-p 00000000 00:00 0 
bfea2000-bfeb8000 rw-p 00000000 00:00 0          [stack]

VM Arguments:
jvm_args: -javaagent:/home/spaceman/netbeans-6.9/javafx/modules/ext/org-netbeans-javafx-preview.jar -Xbootclasspath/p:/home/spaceman/netbeans-6.9/javafx/modules/ext/org-netbeans-javafx-preview.jar -Dcom.apple.backgroundOnly=true -Dapple.awt.UIElement=true -Djava.library.path=/home/spaceman/netbeans-6.9/javafx/javafx-sdk/bin/../lib/desktop 
java_command: com.sun.javafx.runtime.Main org.shinkirou.minesweeper.gui.Main
Launcher Type: SUN_STANDARD

Environment Variables:
PATH=/home/spaceman/bin:/usr/local/sbin:/usr/local/bin:/usr/sbin:/usr/bin:/sbin:/bin:/usr/games
USERNAME=spaceman
LD_LIBRARY_PATH=/usr/lib/jvm/java-6-openjdk/jre/lib/i386/client:/usr/lib/jvm/java-6-openjdk/jre/lib/i386:/usr/lib/jvm/java-6-openjdk/jre/../lib/i386
SHELL=/bin/bash
DISPLAY=:0.0

Signal Handlers:
SIGSEGV: [libjvm.so+0x397410], sa_mask[0]=0x7ffbfeff, sa_flags=0x10000004
SIGBUS: [libjvm.so+0x397410], sa_mask[0]=0x7ffbfeff, sa_flags=0x10000004
SIGFPE: [libjvm.so+0x2c5b10], sa_mask[0]=0x7ffbfeff, sa_flags=0x10000004
SIGPIPE: [libjvm.so+0x2c5b10], sa_mask[0]=0x7ffbfeff, sa_flags=0x10000004
SIGXFSZ: [libjvm.so+0x2c5b10], sa_mask[0]=0x7ffbfeff, sa_flags=0x10000004
SIGILL: [libjvm.so+0x2c5b10], sa_mask[0]=0x7ffbfeff, sa_flags=0x10000004
SIGUSR1: SIG_DFL, sa_mask[0]=0x00000000, sa_flags=0x00000000
SIGUSR2: [libjvm.so+0x2c5200], sa_mask[0]=0x00000004, sa_flags=0x10000004
SIGHUP: [libjvm.so+0x2c7960], sa_mask[0]=0x7ffbfeff, sa_flags=0x10000004
SIGINT: SIG_IGN, sa_mask[0]=0x00000000, sa_flags=0x00000000
SIGTERM: [libjvm.so+0x2c7960], sa_mask[0]=0x7ffbfeff, sa_flags=0x10000004
SIGQUIT: [libjvm.so+0x2c7960], sa_mask[0]=0x7ffbfeff, sa_flags=0x10000004


---------------  S Y S T E M  ---------------

OS:Ubuntu 10.04 (lucid)
uname:Linux 2.6.32-23-generic #37-Ubuntu SMP Fri Jun 11 07:54:58 UTC 2010 i686
libc:glibc 2.11.1 NPTL 2.11.1 
rlimit: STACK 8192k, CORE 0k, NPROC infinity, NOFILE 1024, AS infinity
load average:2.02 1.88 1.61

CPU:total 1 (1 cores per cpu, 1 threads per core) family 6 model 15 stepping 6, cmov, cx8, fxsr, mmx, sse, sse2, sse3, ssse3

Memory: 4k page, physical 1016936k(51916k free), swap 3903752k(3783064k free)

vm_info: OpenJDK Client VM (14.0-b16) for linux-x86 JRE (1.6.0_18-b18), built on Apr 14 2010 11:34:14 by "buildd" with gcc 4.4.3

time: Fri Jun 25 22:23:53 2010
elapsed time: 0 seconds

