#
# A fatal error has been detected by the Java Runtime Environment:
#
#  SIGSEGV (0xb) at pc=0x010a9c42, pid=10378, tid=2471037808
#
# JRE version: 6.0_18-b18
# Java VM: OpenJDK Client VM (14.0-b16 mixed mode linux-x86 )
# Derivative: IcedTea6 1.8
# Distribution: Ubuntu lucid (development branch), package 6b18-1.8-0ubuntu1
# Problematic frame:
# V  [libjvm.so+0x2ffc42]
#
# If you would like to submit a bug report, please include
# instructions how to reproduce the bug and visit:
#   https://bugs.launchpad.net/ubuntu/+source/openjdk-6/
#

---------------  T H R E A D  ---------------

Current thread (0x098f4000):  JavaThread "CompilerThread0" daemon [_thread_in_vm, id=10384, stack(0x93410000,0x93491000)]

siginfo:si_signo=SIGSEGV: si_errno=0, si_code=1 (SEGV_MAPERR), si_addr=0x00000010

Registers:
EAX=0x00000000, EBX=0x011b8ff4, ECX=0x011b8ff4, EDX=0x00000e00
ESP=0x9348f790, EBP=0x9348f798, ESI=0x00000e00, EDI=0x9348f870
EIP=0x010a9c42, CR2=0x00000010, EFLAGS=0x00210286

Top of Stack: (sp=0x9348f790)
0x9348f790:   011b8ff4 9348f82c 9348f7b8 010a9d7f
0x9348f7a0:   00000e00 9348f874 9348f7c8 010a9d4a
0x9348f7b0:   011b8ff4 9348f82c 9348f7d8 010a9f4b
0x9348f7c0:   9348f82c 011dc7a0 9348fb70 010a9daa
0x9348f7d0:   011b8ff4 9348f800 9348f858 00ebba65
0x9348f7e0:   9348f800 9348fb70 9348f870 00000000
0x9348f7f0:   9348f800 00000000 9348fb74 9348f874
0x9348f800:   00000000 098f449c 098f44a0 00000000 

Instructions: (pc=0x010a9c42)
0x010a9c32:   39 c6 7d 1a 83 ec 0c 56 e8 e1 6e 02 00 83 c4 10
0x010a9c42:   8b 40 10 8d 65 f8 5b 5e 5d c3 8d 74 26 00 8d 65 

Stack: [0x93410000,0x93491000],  sp=0x9348f790,  free space=509k
Native frames: (J=compiled Java code, j=interpreted, Vv=VM code, C=native code)
V  [libjvm.so+0x2ffc42]
V  [libjvm.so+0x2ffd7f]
V  [libjvm.so+0x2fff4b]
V  [libjvm.so+0x111a65]
V  [libjvm.so+0x1123c1]
V  [libjvm.so+0x10f42f]
V  [libjvm.so+0x10f60b]
V  [libjvm.so+0x1100c1]
V  [libjvm.so+0xcc8f1]
V  [libjvm.so+0xcc992]
V  [libjvm.so+0x375b7]
V  [libjvm.so+0x75930]
V  [libjvm.so+0x758e7]
V  [libjvm.so+0x122482]
V  [libjvm.so+0x122bb7]
V  [libjvm.so+0x3651c8]
V  [libjvm.so+0x36a12c]
V  [libjvm.so+0x36a1ea]
V  [libjvm.so+0x2c92e1]
C  [libpthread.so.0+0x596e]


Current CompileTask:
C1:  1      java.lang.String.hashCode()I (60 bytes)


---------------  P R O C E S S  ---------------

Java Threads: ( => current thread )
  0x098f6000 JavaThread "Low Memory Detector" daemon [_thread_blocked, id=10385, stack(0x933bf000,0x93410000)]
=>0x098f4000 JavaThread "CompilerThread0" daemon [_thread_in_vm, id=10384, stack(0x93410000,0x93491000)]
  0x098f2800 JavaThread "Signal Dispatcher" daemon [_thread_blocked, id=10383, stack(0x93491000,0x934e2000)]
  0x098dd400 JavaThread "Finalizer" daemon [_thread_blocked, id=10382, stack(0x93528000,0x93579000)]
  0x098dbc00 JavaThread "Reference Handler" daemon [_thread_blocked, id=10381, stack(0x93579000,0x935ca000)]
  0x09880000 JavaThread "main" [_thread_in_vm, id=10379, stack(0xb7845000,0xb7896000)]

Other Threads:
  0x098d8c00 VMThread [stack: 0x935ca000,0x9364b000] [id=10380]
  0x098f9400 WatcherThread [stack: 0x9333e000,0x933bf000] [id=10386]

VM state:not at safepoint (normal execution)

VM Mutex/Monitor currently owned by a thread:  ([mutex/lock_event])
[0x0987d2d0] CodeCache_lock - owner thread: 0x098f4000
[0x0987e0a0] AdapterHandlerLibrary_lock - owner thread: 0x09880000

Heap
 def new generation   total 960K, used 205K [0x93840000, 0x93940000, 0x95fa0000)
  eden space 896K,  22% used [0x93840000, 0x938737e8, 0x93920000)
  from space 64K,   0% used [0x93920000, 0x93920000, 0x93930000)
  to   space 64K,   0% used [0x93930000, 0x93930000, 0x93940000)
 tenured generation   total 4096K, used 0K [0x95fa0000, 0x963a0000, 0xb3840000)
   the space 4096K,   0% used [0x95fa0000, 0x95fa0000, 0x95fa0200, 0x963a0000)
 compacting perm gen  total 12288K, used 1725K [0xb3840000, 0xb4440000, 0xb7840000)
   the space 12288K,  14% used [0xb3840000, 0xb39ef608, 0xb39ef800, 0xb4440000)
No shared spaces configured.

Dynamic libraries:
00110000-00134000 r-xp 00000000 08:05 32908      /lib/tls/i686/cmov/libm-2.11.1.so
00134000-00135000 r--p 00023000 08:05 32908      /lib/tls/i686/cmov/libm-2.11.1.so
00135000-00136000 rw-p 00024000 08:05 32908      /lib/tls/i686/cmov/libm-2.11.1.so
00136000-0013d000 r-xp 00000000 08:05 32920      /lib/tls/i686/cmov/librt-2.11.1.so
0013d000-0013e000 r--p 00006000 08:05 32920      /lib/tls/i686/cmov/librt-2.11.1.so
0013e000-0013f000 rw-p 00007000 08:05 32920      /lib/tls/i686/cmov/librt-2.11.1.so
0013f000-00163000 r-xp 00000000 08:05 516782     /usr/lib/jvm/java-6-openjdk/jre/lib/i386/libjava.so
00163000-00164000 r--p 00023000 08:05 516782     /usr/lib/jvm/java-6-openjdk/jre/lib/i386/libjava.so
00164000-00166000 rw-p 00024000 08:05 516782     /usr/lib/jvm/java-6-openjdk/jre/lib/i386/libjava.so
00166000-0016c000 r-xp 00000000 08:05 32911      /lib/tls/i686/cmov/libnss_compat-2.11.1.so
0016c000-0016d000 r--p 00006000 08:05 32911      /lib/tls/i686/cmov/libnss_compat-2.11.1.so
0016d000-0016e000 rw-p 00007000 08:05 32911      /lib/tls/i686/cmov/libnss_compat-2.11.1.so
0016e000-00175000 rwxp 00000000 00:00 0 
00175000-0018f000 rwxp 00000000 00:00 0 
001d3000-001d4000 r-xp 00000000 00:00 0          [vdso]
001d4000-001d7000 rwxp 00000000 00:00 0 
001d7000-002c1000 rwxp 00000000 00:00 0 
002db000-002de000 r-xp 00000000 08:05 50073      /usr/lib/jvm/java-6-openjdk/jre/lib/i386/jli/libjli.so
002de000-002df000 r--p 00003000 08:05 50073      /usr/lib/jvm/java-6-openjdk/jre/lib/i386/jli/libjli.so
002df000-002e0000 rw-p 00004000 08:05 50073      /usr/lib/jvm/java-6-openjdk/jre/lib/i386/jli/libjli.so
00300000-00313000 r-xp 00000000 08:05 16827      /lib/libz.so.1.2.3.3
00313000-00314000 r--p 00012000 08:05 16827      /lib/libz.so.1.2.3.3
00314000-00315000 rw-p 00013000 08:05 16827      /lib/libz.so.1.2.3.3
0033f000-00341000 r-xp 00000000 08:05 32907      /lib/tls/i686/cmov/libdl-2.11.1.so
00341000-00342000 r--p 00001000 08:05 32907      /lib/tls/i686/cmov/libdl-2.11.1.so
00342000-00343000 rw-p 00002000 08:05 32907      /lib/tls/i686/cmov/libdl-2.11.1.so
00343000-00496000 r-xp 00000000 08:05 32903      /lib/tls/i686/cmov/libc-2.11.1.so
00496000-00497000 ---p 00153000 08:05 32903      /lib/tls/i686/cmov/libc-2.11.1.so
00497000-00499000 r--p 00153000 08:05 32903      /lib/tls/i686/cmov/libc-2.11.1.so
00499000-0049a000 rw-p 00155000 08:05 32903      /lib/tls/i686/cmov/libc-2.11.1.so
0049a000-0049d000 rw-p 00000000 00:00 0 
0049d000-0049e000 rwxp 00000000 00:00 0 
0049e000-004b0000 rwxp 00000000 00:00 0 
004b0000-004b3000 rwxp 00000000 00:00 0 
004b3000-0059d000 rwxp 00000000 00:00 0 
0059d000-005a3000 rwxp 00000000 00:00 0 
005a3000-005bd000 rwxp 00000000 00:00 0 
005bd000-005be000 rwxp 00000000 00:00 0 
005ef000-005f1000 rwxp 00000000 00:00 0 
005f1000-0066f000 rwxp 00000000 00:00 0 
006c8000-006cf000 r-xp 00000000 08:05 517282     /usr/lib/jvm/java-6-openjdk/jre/lib/i386/libzip.so
006cf000-006d0000 r--p 00006000 08:05 517282     /usr/lib/jvm/java-6-openjdk/jre/lib/i386/libzip.so
006d0000-006d1000 rw-p 00007000 08:05 517282     /usr/lib/jvm/java-6-openjdk/jre/lib/i386/libzip.so
0070c000-00713000 r-xp 00000000 08:05 57772      /usr/lib/jvm/java-6-openjdk/jre/lib/i386/native_threads/libhpi.so
00713000-00714000 r--p 00006000 08:05 57772      /usr/lib/jvm/java-6-openjdk/jre/lib/i386/native_threads/libhpi.so
00714000-00715000 rw-p 00007000 08:05 57772      /usr/lib/jvm/java-6-openjdk/jre/lib/i386/native_threads/libhpi.so
00998000-009ad000 r-xp 00000000 08:05 32918      /lib/tls/i686/cmov/libpthread-2.11.1.so
009ad000-009ae000 r--p 00014000 08:05 32918      /lib/tls/i686/cmov/libpthread-2.11.1.so
009ae000-009af000 rw-p 00015000 08:05 32918      /lib/tls/i686/cmov/libpthread-2.11.1.so
009af000-009b1000 rw-p 00000000 00:00 0 
009d9000-009ec000 r-xp 00000000 08:05 32910      /lib/tls/i686/cmov/libnsl-2.11.1.so
009ec000-009ed000 r--p 00012000 08:05 32910      /lib/tls/i686/cmov/libnsl-2.11.1.so
009ed000-009ee000 rw-p 00013000 08:05 32910      /lib/tls/i686/cmov/libnsl-2.11.1.so
009ee000-009f0000 rw-p 00000000 00:00 0 
00b57000-00b5f000 r-xp 00000000 08:05 32915      /lib/tls/i686/cmov/libnss_nis-2.11.1.so
00b5f000-00b60000 r--p 00007000 08:05 32915      /lib/tls/i686/cmov/libnss_nis-2.11.1.so
00b60000-00b61000 rw-p 00008000 08:05 32915      /lib/tls/i686/cmov/libnss_nis-2.11.1.so
00b74000-00b80000 r-xp 00000000 08:05 517281     /usr/lib/jvm/java-6-openjdk/jre/lib/i386/libverify.so
00b80000-00b81000 r--p 0000b000 08:05 517281     /usr/lib/jvm/java-6-openjdk/jre/lib/i386/libverify.so
00b81000-00b82000 rw-p 0000c000 08:05 517281     /usr/lib/jvm/java-6-openjdk/jre/lib/i386/libverify.so
00c9a000-00ca4000 r-xp 00000000 08:05 32913      /lib/tls/i686/cmov/libnss_files-2.11.1.so
00ca4000-00ca5000 r--p 00009000 08:05 32913      /lib/tls/i686/cmov/libnss_files-2.11.1.so
00ca5000-00ca6000 rw-p 0000a000 08:05 32913      /lib/tls/i686/cmov/libnss_files-2.11.1.so
00d8d000-00da8000 r-xp 00000000 08:05 16568      /lib/ld-2.11.1.so
00da8000-00da9000 r--p 0001a000 08:05 16568      /lib/ld-2.11.1.so
00da9000-00daa000 rw-p 0001b000 08:05 16568      /lib/ld-2.11.1.so
00daa000-011a3000 r-xp 00000000 08:05 35161      /usr/lib/jvm/java-6-openjdk/jre/lib/i386/client/libjvm.so
011a3000-011b9000 r--p 003f9000 08:05 35161      /usr/lib/jvm/java-6-openjdk/jre/lib/i386/client/libjvm.so
011b9000-011c5000 rw-p 0040f000 08:05 35161      /usr/lib/jvm/java-6-openjdk/jre/lib/i386/client/libjvm.so
011c5000-015e5000 rw-p 00000000 00:00 0 
0531b000-05393000 rwxp 00000000 00:00 0 
05393000-0731b000 rwxp 00000000 00:00 0 
08048000-08051000 r-xp 00000000 08:05 565418     /usr/lib/jvm/java-6-openjdk/jre/bin/java
08051000-08052000 r--p 00008000 08:05 565418     /usr/lib/jvm/java-6-openjdk/jre/bin/java
08052000-08053000 rw-p 00009000 08:05 565418     /usr/lib/jvm/java-6-openjdk/jre/bin/java
09879000-0991b000 rw-p 00000000 00:00 0          [heap]
9333e000-9333f000 ---p 00000000 00:00 0 
9333f000-933bf000 rw-p 00000000 00:00 0 
933bf000-933c2000 ---p 00000000 00:00 0 
933c2000-93410000 rw-p 00000000 00:00 0 
93410000-93413000 ---p 00000000 00:00 0 
93413000-93491000 rw-p 00000000 00:00 0          [threadstack:0007d494]
93491000-93494000 ---p 00000000 00:00 0 
93494000-934e2000 rw-p 00000000 00:00 0 
934e2000-934e9000 r--s 00000000 08:05 324319     /usr/lib/gconv/gconv-modules.cache
934e9000-93528000 r--p 00000000 08:05 319534     /usr/lib/locale/en_US.utf8/LC_CTYPE
93528000-9352b000 ---p 00000000 00:00 0 
9352b000-93579000 rw-p 00000000 00:00 0 
93579000-9357c000 ---p 00000000 00:00 0 
9357c000-935ca000 rw-p 00000000 00:00 0 
935ca000-935cb000 ---p 00000000 00:00 0 
935cb000-9367e000 rw-p 00000000 00:00 0 
9367e000-93810000 r--s 03914000 08:05 32850      /usr/lib/jvm/java-6-openjdk/jre/lib/rt.jar
93810000-93818000 r--s 00060000 08:05 57646      /home/spaceman/netbeans-6.9/javafx/javafx-sdk/lib/shared/javafxrt.jar
93818000-93840000 r--s 002bf000 08:05 57648      /home/spaceman/netbeans-6.9/javafx/javafx-sdk/lib/shared/javafxc.jar
93840000-93940000 rwxp 00000000 00:00 0 
93940000-95fa0000 rwxp 00000000 00:00 0 
95fa0000-963a0000 rwxp 00000000 00:00 0 
963a0000-b3840000 rwxp 00000000 00:00 0 
b3840000-b4440000 rwxp 00000000 00:00 0 
b4440000-b7840000 rwxp 00000000 00:00 0 
b7845000-b7848000 ---p 00000000 00:00 0 
b7848000-b7899000 rw-p 00000000 00:00 0 
b78aa000-b78b2000 rw-s 00000000 08:05 148315     /tmp/hsperfdata_spaceman/10378
b78b2000-b78b3000 rw-p 00000000 00:00 0 
b78b3000-b78b4000 r--p 00000000 00:00 0 
b78b4000-b78b6000 rw-p 00000000 00:00 0 
bfe09000-bfe1e000 rw-p 00000000 00:00 0          [stack]

VM Arguments:
jvm_args: -Xbootclasspath/p:/home/spaceman/netbeans-6.9/javafx/javafx-sdk/bin/../lib/shared/javafxc.jar:/home/spaceman/netbeans-6.9/javafx/javafx-sdk/bin/../lib/shared/javafxrt.jar 
java_command: com.sun.tools.javafx.Main -XDwarnOnUse=javafx.ext -classpath .:/media/SUB/MinesweeperFX/build/compiled:../Minesweeper/dist/Minesweeper.jar:/home/spaceman/netbeans-6.9/javafx/javafx-sdk/bin/../lib/desktop/javafx-geom.jar:/home/spaceman/netbeans-6.9/javafx/javafx-sdk/bin/../lib/desktop/javafx-ui-common.jar:/home/spaceman/netbeans-6.9/javafx/javafx-sdk/bin/../lib/desktop/javafx-ui-desktop.jar:/home/spaceman/netbeans-6.9/javafx/javafx-sdk/bin/../lib/desktop/javafx-ui-swing.jar:/home/spaceman/netbeans-6.9/javafx/javafx-sdk/bin/../lib/desktop/javafx-ext-swing.jar:/home/spaceman/netbeans-6.9/javafx/javafx-sdk/bin/../lib/desktop/fxdloader.jar:/home/spaceman/netbeans-6.9/javafx/javafx-sdk/bin/../lib/desktop/websvc.jar:/home/spaceman/netbeans-6.9/javafx/javafx-sdk/bin/../lib/desktop/javafx-ui-controls.jar:/home/spaceman/netbeans-6.9/javafx/javafx-sdk/bin/../lib/desktop/javafx-ui-charts.jar:/home/spaceman/netbeans-6.9/javafx/javafx-sdk/bin/../lib/desktop/javafx-common.jar:/home/spaceman/netbeans-6.9/javafx/javafx-sdk/bin/../lib/desktop/javafx-io.jar -bootclasspath /home/spaceman/netbeans-6.9/javafx/javafx-sdk/bin/../lib/shared/javafxc.jar:/home/spaceman/netbeans-6.9/javafx/javafx-sdk/bin/../lib/shared/javafxrt.jar:/home/spaceman/netbeans-6.9/javafx/javafx-sdk/bin/../lib/desktop/rt15.jar -sourcepath /media/SUB/MinesweeperFX/src -d /media/SUB/MinesweeperFX/build/compiled -encoding UTF-8 /media/SUB/MinesweeperFX/src/org/shinkirou/minesweeper/gui/Main.fx
Launcher Type: SUN_STANDARD

Environment Variables:
PATH=/home/spaceman/bin:/usr/local/sbin:/usr/local/bin:/usr/sbin:/usr/bin:/sbin:/bin:/usr/games
USERNAME=spaceman
LD_LIBRARY_PATH=/usr/lib/jvm/java-6-openjdk/jre/lib/i386/client:/usr/lib/jvm/java-6-openjdk/jre/lib/i386:/usr/lib/jvm/java-6-openjdk/jre/../lib/i386
SHELL=/bin/bash
DISPLAY=:0.0

Signal Handlers:
SIGSEGV: [libjvm.so+0x397410], sa_mask[0]=0x7ffbfeff, sa_flags=0x10000004
SIGBUS: [libjvm.so+0x397410], sa_mask[0]=0x7ffbfeff, sa_flags=0x10000004
SIGFPE: [libjvm.so+0x2c5b10], sa_mask[0]=0x7ffbfeff, sa_flags=0x10000004
SIGPIPE: [libjvm.so+0x2c5b10], sa_mask[0]=0x7ffbfeff, sa_flags=0x10000004
SIGXFSZ: [libjvm.so+0x2c5b10], sa_mask[0]=0x7ffbfeff, sa_flags=0x10000004
SIGILL: [libjvm.so+0x2c5b10], sa_mask[0]=0x7ffbfeff, sa_flags=0x10000004
SIGUSR1: SIG_DFL, sa_mask[0]=0x00000000, sa_flags=0x00000000
SIGUSR2: [libjvm.so+0x2c5200], sa_mask[0]=0x00000004, sa_flags=0x10000004
SIGHUP: [libjvm.so+0x2c7960], sa_mask[0]=0x7ffbfeff, sa_flags=0x10000004
SIGINT: SIG_IGN, sa_mask[0]=0x00000000, sa_flags=0x00000000
SIGTERM: [libjvm.so+0x2c7960], sa_mask[0]=0x7ffbfeff, sa_flags=0x10000004
SIGQUIT: [libjvm.so+0x2c7960], sa_mask[0]=0x7ffbfeff, sa_flags=0x10000004


---------------  S Y S T E M  ---------------

OS:Ubuntu 10.04 (lucid)
uname:Linux 2.6.32-22-generic #36-Ubuntu SMP Thu Jun 3 22:02:19 UTC 2010 i686
libc:glibc 2.11.1 NPTL 2.11.1 
rlimit: STACK 8192k, CORE 0k, NPROC infinity, NOFILE 1024, AS infinity
load average:1.31 1.67 1.57

CPU:total 1 (1 cores per cpu, 1 threads per core) family 6 model 15 stepping 6, cmov, cx8, fxsr, mmx, sse, sse2, sse3, ssse3

Memory: 4k page, physical 1016940k(40236k free), swap 3903752k(3596728k free)

vm_info: OpenJDK Client VM (14.0-b16) for linux-x86 JRE (1.6.0_18-b18), built on Apr 14 2010 11:34:14 by "buildd" with gcc 4.4.3

time: Tue Jun 22 11:14:18 2010
elapsed time: 0 seconds

